V1.0

1. fixed multi-byte remain lenght decode failed
2. remove SUB->print() in perf test by add:  if (log4cplus::Logger::getRoot().isEnabledFor(log4cplus::DEBUG_LOG_LEVEL))        
3. add profile analysis by add: In mqtt_server CMakeList.ext set(CMAKE_EXE_LINKER_FLAGS "${CMAKE_EXE_LINKER_FLAGS} -ltcmalloc -lprofiler")
4. start can choose different server port: ./mqtt_server port
5. change epoll close problem

V1.0.1
6. add cmd option and change g_run -> g_stop_flag as a fuction parameter methord

V1.0.2
7. add mqtt msg logic. proto & version check, client status check and so on. not yet implement mqtt db store

V1.0.3
8. fix mqtt version: 3.1.1 ver = 4
9. support retain msg
10. support clean session set, not support no clean session now 
11. fixed bug: in epoll close, call event_handler->handle_close(), in handle_close() will erase event from hash_map, can make iterator failed.


V1.0.4
1. add signal fd and timer fd into epoll mode. Test passed
2. change tcp_server: acceptor timerfd signalfd -> new object
3. fixed epoll close bug. Because static object acceptor timerfd signalfd may alreay destruct in epoll close.


V1.0.5
1. add client_id_db, implement qos = 1/offline message(send_message_queue)/puback/
2. flush to file has not yet implement.

V1.0.6
1. flush db_last_id, client_msg, db_msg to file 
2. restore info from file
3. not implement retain msg
